\BOOKMARK [0][-]{chapter.1}{Introduction}{}
\BOOKMARK [0][-]{chapter.2}{Theoretical review}{}
\BOOKMARK [1][-]{section.2.1}{Introduction}{chapter.2}
\BOOKMARK [1][-]{section.2.2}{Graph evaluation}{chapter.2}
\BOOKMARK [0][-]{chapter.3}{Installation}{}
\BOOKMARK [1][-]{section.3.1}{Download}{chapter.3}
\BOOKMARK [1][-]{section.3.2}{Compilation}{chapter.3}
\BOOKMARK [1][-]{section.3.3}{testcode}{chapter.3}
\BOOKMARK [0][-]{chapter.4}{Run}{}
\BOOKMARK [1][-]{section.4.1}{NECI}{chapter.4}
\BOOKMARK [1][-]{section.4.2}{CPMD-NECI}{chapter.4}
\BOOKMARK [1][-]{section.4.3}{Soft exits}{chapter.4}
\BOOKMARK [0][-]{chapter.5}{Input options}{}
\BOOKMARK [1][-]{section.5.1}{Overview}{chapter.5}
\BOOKMARK [1][-]{section.5.2}{Non-block level options}{chapter.5}
\BOOKMARK [1][-]{section.5.3}{System}{chapter.5}
\BOOKMARK [1][-]{section.5.4}{PreCalc}{chapter.5}
\BOOKMARK [1][-]{section.5.5}{Calc}{chapter.5}
\BOOKMARK [1][-]{section.5.6}{Integrals}{chapter.5}
\BOOKMARK [1][-]{section.5.7}{Logging}{chapter.5}
\BOOKMARK [0][-]{chapter.6}{Output files}{}
\BOOKMARK [1][-]{section.6.1}{BLOCKS}{chapter.6}
\BOOKMARK [1][-]{section.6.2}{CLASSPATHS}{chapter.6}
\BOOKMARK [1][-]{section.6.3}{CLASSPATHS2}{chapter.6}
\BOOKMARK [1][-]{section.6.4}{DETS}{chapter.6}
\BOOKMARK [1][-]{section.6.5}{ENERGIES}{chapter.6}
\BOOKMARK [1][-]{section.6.6}{HAMIL}{chapter.6}
\BOOKMARK [1][-]{section.6.7}{MCPATHS and MCSUMMARY}{chapter.6}
\BOOKMARK [1][-]{section.6.8}{RHOPII}{chapter.6}
\BOOKMARK [1][-]{section.6.9}{RHOPIIex}{chapter.6}
\BOOKMARK [0][-]{chapter.7}{Example Input Files}{}
\BOOKMARK [1][-]{section.7.1}{Standalone MP2 calculations}{chapter.7}
