\BOOKMARK [0][-]{chapter.1}{Introduction}{}
\BOOKMARK [0][-]{chapter.2}{Installation}{}
\BOOKMARK [1][-]{section.2.1}{Download}{chapter.2}
\BOOKMARK [1][-]{section.2.2}{Compilation}{chapter.2}
\BOOKMARK [1][-]{section.2.3}{testcode}{chapter.2}
\BOOKMARK [0][-]{chapter.3}{Run}{}
\BOOKMARK [1][-]{section.3.1}{NECI}{chapter.3}
\BOOKMARK [1][-]{section.3.2}{CPMD-NECI}{chapter.3}
\BOOKMARK [0][-]{chapter.4}{Theoretical review}{}
\BOOKMARK [1][-]{section.4.1}{Introduction}{chapter.4}
\BOOKMARK [1][-]{section.4.2}{Graph evaluation}{chapter.4}
\BOOKMARK [0][-]{chapter.5}{Input options}{}
\BOOKMARK [1][-]{section.5.1}{Overview}{chapter.5}
\BOOKMARK [1][-]{section.5.2}{Non-block level options}{chapter.5}
\BOOKMARK [1][-]{section.5.3}{System}{chapter.5}
\BOOKMARK [1][-]{section.5.4}{PreCalc}{chapter.5}
\BOOKMARK [1][-]{section.5.5}{Calc}{chapter.5}
\BOOKMARK [1][-]{section.5.6}{Integrals}{chapter.5}
\BOOKMARK [1][-]{section.5.7}{Logging}{chapter.5}
\BOOKMARK [1][-]{section.5.8}{Examples}{chapter.5}
\BOOKMARK [0][-]{chapter.6}{Output files}{}
\BOOKMARK [1][-]{section.6.1}{MCPATHS and MCSUMMARY}{chapter.6}
